2026-02-09 00:18:16,075 - data_ingestion - ERROR - Error loading data from URL: https://raw.githubusercontent.com/saurabhshahane/MLops-complete-pipeline/main/data/spam.csv, Error: HTTP Error 404: Not Found
2026-02-09 00:18:16,076 - data_ingestion - ERROR - failed to complete the data ingestion process. HTTP Error 404: Not Found
2026-02-09 00:18:59,132 - data_ingestion - ERROR - failed to complete the data ingestion process. name 'df' is not defined
2026-02-09 00:19:29,506 - data_ingestion - INFO - Data loaded successfully from URL: https://raw.githubusercontent.com/vikashishere/Datasets/main/spam.csv
2026-02-09 00:19:29,510 - data_ingestion - ERROR - failed to complete the data ingestion process. preprocess_data() missing 1 required positional argument: 'target_column'
2026-02-09 00:20:05,493 - data_ingestion - INFO - Data loaded successfully from URL: https://raw.githubusercontent.com/vikashishere/Datasets/main/spam.csv
2026-02-09 00:20:05,504 - data_ingestion - ERROR - Target column not found in DataFrame. Error: "['unnamed: 2', 'unnamed: 3', 'unnamed: 4'] not found in axis"
2026-02-09 00:20:05,504 - data_ingestion - ERROR - failed to complete the data ingestion process. "['unnamed: 2', 'unnamed: 3', 'unnamed: 4'] not found in axis"
2026-02-09 00:22:14,445 - data_ingestion - INFO - Data loaded successfully from URL: https://raw.githubusercontent.com/vikashishere/Datasets/main/spam.csv
2026-02-09 00:22:14,447 - data_ingestion - ERROR - Target column not found in DataFrame. Error: "['unnamed: 2', 'unnamed: 3', 'unnamed: 4'] not found in axis"
2026-02-09 00:22:14,447 - data_ingestion - ERROR - failed to complete the data ingestion process. "['unnamed: 2', 'unnamed: 3', 'unnamed: 4'] not found in axis"
2026-02-09 00:22:43,169 - data_ingestion - INFO - Data loaded successfully from URL: https://raw.githubusercontent.com/vikashishere/Datasets/main/spam.csv
2026-02-09 00:22:43,170 - data_ingestion - ERROR - failed to complete the data ingestion process. preprocess_data() missing 1 required positional argument: 'target_column'
2026-02-09 17:45:41,484 - data_ingestion - INFO - Data loaded successfully from URL: https://raw.githubusercontent.com/vikashishere/Datasets/main/spam.csv
2026-02-09 17:45:41,486 - data_ingestion - ERROR - failed to complete the data ingestion process. preprocess_data() missing 1 required positional argument: 'target_column'
2026-02-09 17:47:27,544 - data_ingestion - INFO - Data loaded successfully from URL: https://raw.githubusercontent.com/vikashishere/Datasets/main/spam.csv
2026-02-09 17:47:27,572 - data_ingestion - DEBUG - Data preprocessing completed
2026-02-09 17:47:27,586 - data_ingestion - ERROR - failed to complete the data ingestion process. save_data() missing 2 required positional arguments: 'train_path' and 'test_path'
2026-02-09 17:47:31,079 - data_ingestion - INFO - Data loaded successfully from URL: https://raw.githubusercontent.com/vikashishere/Datasets/main/spam.csv
2026-02-09 17:47:31,087 - data_ingestion - DEBUG - Data preprocessing completed
2026-02-09 17:47:31,090 - data_ingestion - ERROR - failed to complete the data ingestion process. save_data() missing 2 required positional arguments: 'train_path' and 'test_path'
2026-02-09 17:48:36,172 - data_ingestion - INFO - Data loaded successfully from URL: https://raw.githubusercontent.com/vikashishere/Datasets/main/spam.csv
2026-02-09 17:48:36,176 - data_ingestion - DEBUG - Data preprocessing completed
2026-02-09 17:48:36,210 - data_ingestion - INFO - Data saved successfully at ./data\raw
